<?xml version="1.0" encoding="UTF-8"?>
<testExecutions version="1">
  <file path="./spec/controllers/api/concerns/error_handler_spec.rb">
    <testCase name="returns a 404 response with an error message" duration="64" />
  </file>
  <file path="./spec/lib/json_web_token_spec.rb">
    <testCase name="returns a JWT token as a string" duration="2" />
    <testCase name="decodes a valid token and returns payload" duration="1" />
    <testCase name="returns nil for an invalid token" duration="2" />
    <testCase name="returns nil for a blank token" duration="1" />
  </file>
  <file path="./spec/models/admin_spec.rb">
  </file>
  <file path="./spec/support/shared_examples/validations.rb">
    <testCase name="is expected to validate that :email cannot be empty/falsy" duration="281" />
    <testCase name="is expected to allow :email to be ‹&apos;test@example.com&apos;›" duration="228" />
    <testCase name="is expected not to allow :email to be ‹&apos;invalid_email&apos;›" duration="223" />
    <testCase name="requires a secure password" duration="449" />
    <testCase name="is expected to validate that the length of :name is between 4 and 256" duration="241" />
    <testCase name="is expected to validate that the length of :nickname is between 4 and 256" duration="263" />
  </file>
  <file path="./spec/models/admin_spec.rb">
  </file>
  <file path="./spec/support/shared_examples/authenticatable.rb">
    <testCase name="authenticates with a valid password" duration="520" />
    <testCase name="fails authentication with an incorrect password" duration="460" />
  </file>
  <file path="./spec/models/admin_spec.rb">
  </file>
  <file path="./spec/support/shared_examples/image_uploader.rb">
    <testCase name="is valid with a valid image" duration="230" />
    <testCase name="is valid without an image" duration="223" />
  </file>
  <file path="./spec/models/admin_spec.rb">
  </file>
  <file path="./spec/support/shared_examples/user_authentication_examples.rb">
    <testCase name="generates a secure 24-character password" duration="2" />
    <testCase name="authenticates with a valid password" duration="448" />
    <testCase name="fails authentication with an incorrect password" duration="433" />
  </file>
  <file path="./spec/models/admin_spec.rb">
  </file>
  <file path="./spec/support/shared_examples/user_role_examples.rb">
    <testCase name="returns the lowercase version of the type" duration="234" />
    <testCase name="returns nil if type is not set" duration="236" />
  </file>
  <file path="./spec/models/admin_spec.rb">
  </file>
  <file path="./spec/support/shared_examples/user_token_examples.rb">
    <testCase name="sends a password email" duration="1" />
  </file>
  <file path="./spec/models/client_spec.rb">
  </file>
  <file path="./spec/support/shared_examples/validations.rb">
    <testCase name="is expected to validate that :email cannot be empty/falsy" duration="232" />
    <testCase name="is expected to allow :email to be ‹&apos;test@example.com&apos;›" duration="234" />
    <testCase name="is expected not to allow :email to be ‹&apos;invalid_email&apos;›" duration="219" />
    <testCase name="requires a secure password" duration="434" />
    <testCase name="is expected to validate that the length of :name is between 4 and 256" duration="243" />
    <testCase name="is expected to validate that the length of :nickname is between 4 and 256" duration="247" />
  </file>
  <file path="./spec/models/client_spec.rb">
  </file>
  <file path="./spec/support/shared_examples/authenticatable.rb">
    <testCase name="authenticates with a valid password" duration="489" />
    <testCase name="fails authentication with an incorrect password" duration="446" />
  </file>
  <file path="./spec/models/client_spec.rb">
  </file>
  <file path="./spec/support/shared_examples/image_uploader.rb">
    <testCase name="is valid with a valid image" duration="234" />
    <testCase name="is valid without an image" duration="243" />
  </file>
  <file path="./spec/models/client_spec.rb">
  </file>
  <file path="./spec/support/shared_examples/user_authentication_examples.rb">
    <testCase name="generates a secure 24-character password" duration="3" />
    <testCase name="authenticates with a valid password" duration="485" />
    <testCase name="fails authentication with an incorrect password" duration="480" />
  </file>
  <file path="./spec/models/client_spec.rb">
  </file>
  <file path="./spec/support/shared_examples/user_role_examples.rb">
    <testCase name="returns the lowercase version of the type" duration="287" />
    <testCase name="returns nil if type is not set" duration="266" />
  </file>
  <file path="./spec/models/client_spec.rb">
  </file>
  <file path="./spec/support/shared_examples/user_token_examples.rb">
    <testCase name="sends a password email" duration="3" />
  </file>
  <file path="./spec/models/user_spec.rb">
  </file>
  <file path="./spec/support/shared_examples/validations.rb">
    <testCase name="is expected to validate that :email cannot be empty/falsy" duration="278" />
    <testCase name="is expected to allow :email to be ‹&apos;test@example.com&apos;›" duration="244" />
    <testCase name="is expected not to allow :email to be ‹&apos;invalid_email&apos;›" duration="240" />
    <testCase name="requires a secure password" duration="434" />
    <testCase name="is expected to validate that the length of :name is between 4 and 256" duration="224" />
    <testCase name="is expected to validate that the length of :nickname is between 4 and 256" duration="224" />
  </file>
  <file path="./spec/models/user_spec.rb">
  </file>
  <file path="./spec/support/shared_examples/authenticatable.rb">
    <testCase name="authenticates with a valid password" duration="445" />
    <testCase name="fails authentication with an incorrect password" duration="467" />
  </file>
  <file path="./spec/models/user_spec.rb">
  </file>
  <file path="./spec/support/shared_examples/image_uploader.rb">
    <testCase name="is valid with a valid image" duration="267" />
    <testCase name="is valid without an image" duration="261" />
  </file>
  <file path="./spec/models/user_spec.rb">
  </file>
  <file path="./spec/support/shared_examples/user_authentication_examples.rb">
    <testCase name="generates a secure 24-character password" duration="2" />
    <testCase name="authenticates with a valid password" duration="477" />
    <testCase name="fails authentication with an incorrect password" duration="449" />
  </file>
  <file path="./spec/models/user_spec.rb">
  </file>
  <file path="./spec/support/shared_examples/user_role_examples.rb">
    <testCase name="returns the lowercase version of the type" duration="234" />
    <testCase name="returns nil if type is not set" duration="224" />
  </file>
  <file path="./spec/models/user_spec.rb">
  </file>
  <file path="./spec/support/shared_examples/user_token_examples.rb">
    <testCase name="sends a password email" duration="1" />
  </file>
  <file path="./spec/requests/api/v1/auth/registrations_spec.rb">
    <testCase name="creates a client and returns structured JSON" duration="249" />
    <testCase name="returns an error response with correct messages" duration="226" />
    <testCase name="returns an error response with correct messages" duration="219" />
    <testCase name="returns an error response with correct messages" duration="453" />
  </file>
  <file path="./spec/requests/api/v1/auth/sessions_spec.rb">
    <testCase name="returns a valid JWT token and client role" duration="741" />
    <testCase name="returns a valid JWT token and admin role" duration="758" />
    <testCase name="returns an error response with the correct status and message" duration="711" />
    <testCase name="returns an error response with the correct status and message" duration="468" />
    <testCase name="returns an error response with the correct status and message" duration="719" />
  </file>
  <file path="./spec/services/token_verifier_spec.rb">
    <testCase name="returns the user" duration="236" />
    <testCase name="raises an InvalidTokenError" duration="2" />
    <testCase name="raises an InvalidTokenError" duration="1" />
    <testCase name="raises an InvalidTokenError for invalid format" duration="226" />
    <testCase name="raises an InvalidTokenError for invalid format" duration="1" />
    <testCase name="raises an ExpiredTokenError" duration="230" />
    <testCase name="raises an AuthenticationError" duration="3" />
  </file>
  <file path="./spec/uploaders/image_uploader_spec.rb">
    <testCase name="returns the bucket name from ENV" duration="7" />
    <testCase name="returns nil" duration="1" />
  </file>
</testExecutions>
