<?xml version="1.0" encoding="UTF-8"?>
<testExecutions version="1">
  <file path="./spec/controllers/api/concerns/error_handler_spec.rb">
    <testCase name="returns a 404 response with an error message" duration="102" />
  </file>
  <file path="./spec/lib/json_web_token_spec.rb">
    <testCase name="returns a JWT token as a string" duration="7" />
    <testCase name="decodes a valid token and returns payload" duration="3" />
    <testCase name="returns nil for an invalid token" duration="3" />
    <testCase name="returns nil for a blank token" duration="4" />
  </file>
  <file path="./spec/models/admin_spec.rb">
  </file>
  <file path="./spec/support/shared_examples/validations.rb">
    <testCase name="is expected to validate that :email cannot be empty/falsy" duration="271" />
    <testCase name="is expected to allow :email to be ‹&apos;test@example.com&apos;›" duration="218" />
    <testCase name="is expected not to allow :email to be ‹&apos;invalid_email&apos;›" duration="218" />
    <testCase name="requires a secure password" duration="437" />
    <testCase name="is expected to validate that the length of :name is between 4 and 256" duration="225" />
    <testCase name="is expected to validate that the length of :nickname is between 4 and 256" duration="226" />
  </file>
  <file path="./spec/models/admin_spec.rb">
  </file>
  <file path="./spec/support/shared_examples/authenticatable.rb">
    <testCase name="authenticates with a valid password" duration="467" />
    <testCase name="fails authentication with an incorrect password" duration="430" />
  </file>
  <file path="./spec/models/admin_spec.rb">
  </file>
  <file path="./spec/support/shared_examples/image_uploader.rb">
    <testCase name="is valid with a valid image" duration="232" />
    <testCase name="is valid without an image" duration="221" />
  </file>
  <file path="./spec/models/admin_spec.rb">
  </file>
  <file path="./spec/support/shared_examples/user_authentication_examples.rb">
    <testCase name="generates a secure 24-character password" duration="2" />
    <testCase name="authenticates with a valid password" duration="428" />
    <testCase name="fails authentication with an incorrect password" duration="425" />
  </file>
  <file path="./spec/models/admin_spec.rb">
  </file>
  <file path="./spec/support/shared_examples/user_role_examples.rb">
    <testCase name="returns the lowercase version of the type" duration="231" />
    <testCase name="returns nil if type is not set" duration="228" />
  </file>
  <file path="./spec/models/admin_spec.rb">
  </file>
  <file path="./spec/support/shared_examples/user_token_examples.rb">
    <testCase name="sends a password email" duration="2" />
  </file>
  <file path="./spec/models/client_spec.rb">
  </file>
  <file path="./spec/support/shared_examples/validations.rb">
    <testCase name="is expected to validate that :email cannot be empty/falsy" duration="232" />
    <testCase name="is expected to allow :email to be ‹&apos;test@example.com&apos;›" duration="217" />
    <testCase name="is expected not to allow :email to be ‹&apos;invalid_email&apos;›" duration="218" />
    <testCase name="requires a secure password" duration="427" />
    <testCase name="is expected to validate that the length of :name is between 4 and 256" duration="225" />
    <testCase name="is expected to validate that the length of :nickname is between 4 and 256" duration="224" />
  </file>
  <file path="./spec/models/client_spec.rb">
  </file>
  <file path="./spec/support/shared_examples/authenticatable.rb">
    <testCase name="authenticates with a valid password" duration="431" />
    <testCase name="fails authentication with an incorrect password" duration="429" />
  </file>
  <file path="./spec/models/client_spec.rb">
  </file>
  <file path="./spec/support/shared_examples/image_uploader.rb">
    <testCase name="is valid with a valid image" duration="224" />
    <testCase name="is valid without an image" duration="223" />
  </file>
  <file path="./spec/models/client_spec.rb">
  </file>
  <file path="./spec/support/shared_examples/user_authentication_examples.rb">
    <testCase name="generates a secure 24-character password" duration="2" />
    <testCase name="authenticates with a valid password" duration="426" />
    <testCase name="fails authentication with an incorrect password" duration="426" />
  </file>
  <file path="./spec/models/client_spec.rb">
  </file>
  <file path="./spec/support/shared_examples/user_role_examples.rb">
    <testCase name="returns the lowercase version of the type" duration="228" />
    <testCase name="returns nil if type is not set" duration="228" />
  </file>
  <file path="./spec/models/client_spec.rb">
  </file>
  <file path="./spec/support/shared_examples/user_token_examples.rb">
    <testCase name="sends a password email" duration="2" />
  </file>
  <file path="./spec/models/user_spec.rb">
  </file>
  <file path="./spec/support/shared_examples/validations.rb">
    <testCase name="is expected to validate that :email cannot be empty/falsy" duration="222" />
    <testCase name="is expected to allow :email to be ‹&apos;test@example.com&apos;›" duration="212" />
    <testCase name="is expected not to allow :email to be ‹&apos;invalid_email&apos;›" duration="214" />
    <testCase name="requires a secure password" duration="421" />
    <testCase name="is expected to validate that the length of :name is between 4 and 256" duration="219" />
    <testCase name="is expected to validate that the length of :nickname is between 4 and 256" duration="220" />
  </file>
  <file path="./spec/models/user_spec.rb">
  </file>
  <file path="./spec/support/shared_examples/authenticatable.rb">
    <testCase name="authenticates with a valid password" duration="425" />
    <testCase name="fails authentication with an incorrect password" duration="425" />
  </file>
  <file path="./spec/models/user_spec.rb">
  </file>
  <file path="./spec/support/shared_examples/image_uploader.rb">
    <testCase name="is valid with a valid image" duration="221" />
    <testCase name="is valid without an image" duration="219" />
  </file>
  <file path="./spec/models/user_spec.rb">
  </file>
  <file path="./spec/support/shared_examples/user_authentication_examples.rb">
    <testCase name="generates a secure 24-character password" duration="2" />
    <testCase name="authenticates with a valid password" duration="426" />
    <testCase name="fails authentication with an incorrect password" duration="424" />
  </file>
  <file path="./spec/models/user_spec.rb">
  </file>
  <file path="./spec/support/shared_examples/user_role_examples.rb">
    <testCase name="returns the lowercase version of the type" duration="221" />
    <testCase name="returns nil if type is not set" duration="220" />
  </file>
  <file path="./spec/models/user_spec.rb">
  </file>
  <file path="./spec/support/shared_examples/user_token_examples.rb">
    <testCase name="sends a password email" duration="8" />
  </file>
  <file path="./spec/requests/api/v1/auth/registrations_spec.rb">
    <testCase name="creates a client and returns structured JSON" duration="253" />
    <testCase name="returns an error response with correct messages" duration="217" />
    <testCase name="returns an error response with correct messages" duration="218" />
    <testCase name="returns an error response with correct messages" duration="440" />
  </file>
  <file path="./spec/requests/api/v1/auth/sessions_spec.rb">
    <testCase name="returns a valid JWT token and client role" duration="657" />
    <testCase name="returns a valid JWT token and admin role" duration="649" />
    <testCase name="returns an error response with the correct status and message" duration="652" />
    <testCase name="returns an error response with the correct status and message" duration="441" />
    <testCase name="returns an error response with the correct status and message" duration="665" />
  </file>
  <file path="./spec/requests/users/sessions_spec.rb">
    <testCase name="redirects to Avo admin panel" duration="691">
      <failure message="expected the response to have status code :found (302) but it was :ok (200)" stacktrace="./spec/requests/users/sessions_spec.rb:10" />
    </testCase>
    <testCase name="redirects to the root path" duration="654" />
    <testCase name="does not allow login" duration="864">
      <failure message="expected the response to have status code :unauthorized (401) but it was :ok (200)" stacktrace="./spec/requests/users/sessions_spec.rb:28" />
    </testCase>
    <testCase name="redirects to login page after logout" duration="450" />
  </file>
  <file path="./spec/services/token_verifier_spec.rb">
    <testCase name="returns the user" duration="222" />
    <testCase name="raises an InvalidTokenError" duration="3" />
    <testCase name="raises an InvalidTokenError" duration="2" />
    <testCase name="raises an InvalidTokenError for invalid format" duration="219" />
    <testCase name="raises an InvalidTokenError for invalid format" duration="2" />
    <testCase name="raises an ExpiredTokenError" duration="218" />
    <testCase name="raises an AuthenticationError" duration="3" />
  </file>
  <file path="./spec/uploaders/image_uploader_spec.rb">
    <testCase name="returns the bucket name from ENV" duration="7" />
    <testCase name="returns nil" duration="2" />
  </file>
</testExecutions>
