<?xml version="1.0" encoding="UTF-8"?>
<testExecutions version="1">
  <file path="./spec/controllers/api/concerns/error_handler_spec.rb">
    <testCase name="returns a 404 response with an error message" duration="43" />
  </file>
  <file path="./spec/lib/json_web_token_spec.rb">
    <testCase name="returns a JWT token as a string" duration="2" />
    <testCase name="decodes a valid token and returns payload" duration="2" />
    <testCase name="returns nil for an invalid token" duration="1" />
    <testCase name="returns nil for a blank token" duration="1" />
  </file>
  <file path="./spec/models/admin_spec.rb">
  </file>
  <file path="./spec/support/shared_examples/validations.rb">
    <testCase name="is expected to validate that :email cannot be empty/falsy" duration="284" />
    <testCase name="is expected to allow :email to be ‹&apos;test@example.com&apos;›" duration="226" />
    <testCase name="is expected not to allow :email to be ‹&apos;invalid_email&apos;›" duration="219" />
    <testCase name="requires a secure password" duration="440" />
    <testCase name="is expected to validate that the length of :name is between 4 and 256" duration="236" />
    <testCase name="is expected to validate that the length of :nickname is between 4 and 256" duration="237" />
  </file>
  <file path="./spec/models/admin_spec.rb">
  </file>
  <file path="./spec/support/shared_examples/authenticatable.rb">
    <testCase name="authenticates with a valid password" duration="457" />
    <testCase name="fails authentication with an incorrect password" duration="440" />
  </file>
  <file path="./spec/models/admin_spec.rb">
  </file>
  <file path="./spec/support/shared_examples/image_uploader.rb">
    <testCase name="is valid with a valid image" duration="229" />
    <testCase name="is valid without an image" duration="224" />
  </file>
  <file path="./spec/models/admin_spec.rb">
  </file>
  <file path="./spec/support/shared_examples/user_authentication_examples.rb">
    <testCase name="generates a secure 24-character password" duration="2" />
    <testCase name="authenticates with a valid password" duration="438" />
    <testCase name="fails authentication with an incorrect password" duration="434" />
  </file>
  <file path="./spec/models/admin_spec.rb">
  </file>
  <file path="./spec/support/shared_examples/user_role_examples.rb">
    <testCase name="returns the lowercase version of the type" duration="229" />
    <testCase name="returns nil if type is not set" duration="240" />
  </file>
  <file path="./spec/models/admin_spec.rb">
  </file>
  <file path="./spec/support/shared_examples/user_token_examples.rb">
    <testCase name="sends a password email" duration="1" />
  </file>
  <file path="./spec/models/client_spec.rb">
  </file>
  <file path="./spec/support/shared_examples/validations.rb">
    <testCase name="is expected to validate that :email cannot be empty/falsy" duration="231" />
    <testCase name="is expected to allow :email to be ‹&apos;test@example.com&apos;›" duration="221" />
    <testCase name="is expected not to allow :email to be ‹&apos;invalid_email&apos;›" duration="214" />
    <testCase name="requires a secure password" duration="429" />
    <testCase name="is expected to validate that the length of :name is between 4 and 256" duration="223" />
    <testCase name="is expected to validate that the length of :nickname is between 4 and 256" duration="227" />
  </file>
  <file path="./spec/models/client_spec.rb">
  </file>
  <file path="./spec/support/shared_examples/authenticatable.rb">
    <testCase name="authenticates with a valid password" duration="437" />
    <testCase name="fails authentication with an incorrect password" duration="428" />
  </file>
  <file path="./spec/models/client_spec.rb">
  </file>
  <file path="./spec/support/shared_examples/image_uploader.rb">
    <testCase name="is valid with a valid image" duration="219" />
    <testCase name="is valid without an image" duration="228" />
  </file>
  <file path="./spec/models/client_spec.rb">
  </file>
  <file path="./spec/support/shared_examples/user_authentication_examples.rb">
    <testCase name="generates a secure 24-character password" duration="3" />
    <testCase name="authenticates with a valid password" duration="447" />
    <testCase name="fails authentication with an incorrect password" duration="453" />
  </file>
  <file path="./spec/models/client_spec.rb">
  </file>
  <file path="./spec/support/shared_examples/user_role_examples.rb">
    <testCase name="returns the lowercase version of the type" duration="241" />
    <testCase name="returns nil if type is not set" duration="242" />
  </file>
  <file path="./spec/models/client_spec.rb">
  </file>
  <file path="./spec/support/shared_examples/user_token_examples.rb">
    <testCase name="sends a password email" duration="2" />
  </file>
  <file path="./spec/models/user_spec.rb">
  </file>
  <file path="./spec/support/shared_examples/validations.rb">
    <testCase name="is expected to validate that :email cannot be empty/falsy" duration="248" />
    <testCase name="is expected to allow :email to be ‹&apos;test@example.com&apos;›" duration="230" />
    <testCase name="is expected not to allow :email to be ‹&apos;invalid_email&apos;›" duration="226" />
    <testCase name="requires a secure password" duration="431" />
    <testCase name="is expected to validate that the length of :name is between 4 and 256" duration="228" />
    <testCase name="is expected to validate that the length of :nickname is between 4 and 256" duration="229" />
  </file>
  <file path="./spec/models/user_spec.rb">
  </file>
  <file path="./spec/support/shared_examples/authenticatable.rb">
    <testCase name="authenticates with a valid password" duration="432" />
    <testCase name="fails authentication with an incorrect password" duration="440" />
  </file>
  <file path="./spec/models/user_spec.rb">
  </file>
  <file path="./spec/support/shared_examples/image_uploader.rb">
    <testCase name="is valid with a valid image" duration="228" />
    <testCase name="is valid without an image" duration="236" />
  </file>
  <file path="./spec/models/user_spec.rb">
  </file>
  <file path="./spec/support/shared_examples/user_authentication_examples.rb">
    <testCase name="generates a secure 24-character password" duration="1" />
    <testCase name="authenticates with a valid password" duration="482" />
    <testCase name="fails authentication with an incorrect password" duration="468" />
  </file>
  <file path="./spec/models/user_spec.rb">
  </file>
  <file path="./spec/support/shared_examples/user_role_examples.rb">
    <testCase name="returns the lowercase version of the type" duration="238" />
    <testCase name="returns nil if type is not set" duration="242" />
  </file>
  <file path="./spec/models/user_spec.rb">
  </file>
  <file path="./spec/support/shared_examples/user_token_examples.rb">
    <testCase name="sends a password email" duration="1" />
  </file>
  <file path="./spec/requests/api/v1/auth/registrations_spec.rb">
    <testCase name="creates a client and returns structured JSON" duration="250" />
    <testCase name="returns an error response with correct messages" duration="228" />
    <testCase name="returns an error response with correct messages" duration="222" />
    <testCase name="returns an error response with correct messages" duration="453" />
  </file>
  <file path="./spec/requests/api/v1/auth/sessions_spec.rb">
    <testCase name="returns a valid JWT token and client role" duration="668" />
    <testCase name="returns a valid JWT token and admin role" duration="658" />
    <testCase name="returns an error response with the correct status and message" duration="672" />
    <testCase name="returns an error response with the correct status and message" duration="462" />
    <testCase name="returns an error response with the correct status and message" duration="679" />
  </file>
  <file path="./spec/services/token_verifier_spec.rb">
    <testCase name="returns the user" duration="238" />
    <testCase name="raises an InvalidTokenError" duration="3" />
    <testCase name="raises an InvalidTokenError" duration="1" />
    <testCase name="raises an InvalidTokenError for invalid format" duration="251" />
    <testCase name="raises an InvalidTokenError for invalid format" duration="3" />
    <testCase name="raises an ExpiredTokenError" duration="256" />
    <testCase name="raises an AuthenticationError" duration="4" />
  </file>
  <file path="./spec/uploaders/image_uploader_spec.rb">
    <testCase name="returns the bucket name from ENV" duration="11" />
    <testCase name="returns nil" duration="3" />
  </file>
</testExecutions>
